[debug] [2026-05-23T18:48:28.123Z] ----------------------------------------------------------------------
[debug] [2026-05-23T18:48:28.128Z] Command:       C:\Program Files\nodejs\node.exe C:\Users\HP\AppData\Roaming\npm\node_modules\firebase-tools\lib\bin\firebase.js init hosting
[debug] [2026-05-23T18:48:28.128Z] CLI Version:   15.17.0
[debug] [2026-05-23T18:48:28.128Z] Platform:      win32
[debug] [2026-05-23T18:48:28.128Z] Node Version:  v25.2.1
[debug] [2026-05-23T18:48:28.128Z] Time:          Sun May 24 2026 00:18:28 GMT+0530 (India Standard Time)
[debug] [2026-05-23T18:48:28.128Z] ----------------------------------------------------------------------
[debug] 
[info] 
     ######## #### ########  ######## ########     ###     ######  ########
     ##        ##  ##     ## ##       ##     ##  ##   ##  ##       ##
     ######    ##  ########  ######   ########  #########  ######  ######
     ##        ##  ##    ##  ##       ##     ## ##     ##       ## ##
     ##       #### ##     ## ######## ########  ##     ##  ######  ########

You're about to initialize a Firebase project in this directory:

  C:\Users\HP\OneDrive\Desktop\DevTinder

[info] 
=== Project Setup
[info] 
[info] First, let's associate this project directory with a Firebase project.
[info] You can create multiple project aliases by running firebase use --add, 
[info] 
[debug] [2026-05-23T18:48:55.971Z] > command requires scopes: ["email","openid","https://www.googleapis.com/auth/cloudplatformprojects.readonly","https://www.googleapis.com/auth/firebase","https://www.googleapis.com/auth/cloud-platform"]
[debug] [2026-05-23T18:48:55.972Z] > authorizing via signed-in user (dhrutandel508@gmail.com)
[debug] [2026-05-23T18:48:55.975Z] Checked if tokens are valid: true, expires at: 1779565615535
[debug] [2026-05-23T18:48:55.975Z] Checked if tokens are valid: true, expires at: 1779565615535
[debug] [2026-05-23T18:48:55.977Z] >>> [apiv2][query] GET https://firebase.googleapis.com/v1beta1/projects pageSize=100
[debug] [2026-05-23T18:48:56.924Z] <<< [apiv2][status] GET https://firebase.googleapis.com/v1beta1/projects 200
[debug] [2026-05-23T18:48:56.924Z] <<< [apiv2][body] GET https://firebase.googleapis.com/v1beta1/projects [omitted]
[info] 
=== Hosting Setup
[debug] [2026-05-23T18:49:40.426Z] Checked if tokens are valid: true, expires at: 1779565615535
[debug] [2026-05-23T18:49:40.426Z] Checked if tokens are valid: true, expires at: 1779565615535
[debug] [2026-05-23T18:49:40.426Z] >>> [apiv2][query] GET https://firebase.googleapis.com/v1beta1/projects/carrental-73253 [none]
[debug] [2026-05-23T18:49:41.174Z] <<< [apiv2][status] GET https://firebase.googleapis.com/v1beta1/projects/carrental-73253 200
[debug] [2026-05-23T18:49:41.174Z] <<< [apiv2][body] GET https://firebase.googleapis.com/v1beta1/projects/carrental-73253 {"projectId":"carrental-73253","projectNumber":"24256089050","displayName":"CarRental","name":"projects/carrental-73253","resources":{"hostingSite":"carrental-73253"},"state":"ACTIVE","etag":"1_5854e8b3-7495-4a4b-83b0-75617c322cb7"}
[info] 
[info] Your public directory is the folder (relative to your project directory) that
[info] will contain Hosting assets to be uploaded with firebase deploy. If you
[info] have a build process for your assets, use your build's output directory.
[info] 
[debug] [2026-05-23T18:50:59.136Z] ExitPromptError: User force closed the prompt with SIGINT
    at Interface.sigint (C:\Users\HP\AppData\Roaming\npm\node_modules\firebase-tools\node_modules\@inquirer\core\dist\commonjs\lib\create-prompt.js:101:37)
    at Interface.emit (node:events:508:28)
    at [_ttyWrite] [as _ttyWrite] (node:internal/readline/interface:1327:18)
    at ReadStream.onkeypress (node:internal/readline/interface:284:20)
    at ReadStream.emit (node:events:520:35)
    at emitKeys (node:internal/readline/utils:371:14)
    at emitKeys.next (<anonymous>)
    at ReadStream.onData (node:internal/readline/emitKeypressEvents:64:36)
    at ReadStream.emit (node:events:508:28)
    at addChunk (node:internal/streams/readable:559:12)
[error] 
[error] Error: An unexpected error has occurred.
